2019-04-08 20:55:10.442 logback [main] INFO  c.z.s.SmartbackgroundApplication - Starting SmartbackgroundApplication on DESKTOP-PGD1S01 with PID 356800 (E:\ForGraduate\smartbackground\target\classes started by SHEEO in E:\ForGraduate\smartbackground)
2019-04-08 20:55:10.448 logback [main] INFO  c.z.s.SmartbackgroundApplication - No active profile set, falling back to default profiles: default
2019-04-08 20:55:14.353 logback [main] INFO  o.s.b.w.e.tomcat.TomcatWebServer - Tomcat initialized with port(s): 8080 (http)
2019-04-08 20:55:14.377 logback [main] INFO  o.a.coyote.http11.Http11NioProtocol - Initializing ProtocolHandler ["http-nio-8080"]
2019-04-08 20:55:14.398 logback [main] INFO  o.a.catalina.core.StandardService - Starting service [Tomcat]
2019-04-08 20:55:14.399 logback [main] INFO  o.a.catalina.core.StandardEngine - Starting Servlet engine: [Apache Tomcat/9.0.14]
2019-04-08 20:55:14.407 logback [main] INFO  o.a.c.core.AprLifecycleListener - The APR based Apache Tomcat Native library which allows optimal performance in production environments was not found on the java.library.path: [E:\java\jdk1.8.0_131\bin;C:\WINDOWS\Sun\Java\bin;C:\WINDOWS\system32;C:\WINDOWS;D:\install\product\11.1.0\db_1\bin;C:\ProgramData\Oracle\Java\javapath;C:\WINDOWS\system32;C:\WINDOWS;C:\WINDOWS\System32\Wbem;C:\WINDOWS\System32\WindowsPowerShell\v1.0\;E:\java\jdk1.8.0_131\bin;E:\java\jdk1.8.0_131\bin;E:\java\jdk1.8.0_131\jre\bin;E:\Android\sdk2\platform-tools;D:\mysql-5.7.19-winx64\bin;C:\MinGW\bin;C:\Program Files\MySQL\MySQL Utilities 1.6\;D:\apache-maven-3.5.2-bin\apache-maven-3.5.2\bin;D:\install\bin;D:\go\bin;D:\安装\Git\bin;C:\Users\SHEEO\AppData\Local\Programs\Python\Python36-32\Scripts\;C:\Users\SHEEO\AppData\Local\Programs\Python\Python36-32\;C:\Users\SHEEO\AppData\Local\Microsoft\WindowsApps;E:\Android\sdk2\platform-tools;D:\Tomcat\Tomcat9.0\bin;C:\MinGW\bin;E:\Go_WorkSpace\bin;D:\go\bin;D:\安装\Git\bin;.]
2019-04-08 20:55:16.689 logback [main] INFO  o.a.c.c.C.[Tomcat].[localhost].[/] - Initializing Spring embedded WebApplicationContext
2019-04-08 20:55:16.690 logback [main] INFO  o.s.web.context.ContextLoader - Root WebApplicationContext: initialization completed in 6114 ms
2019-04-08 20:55:16.740 logback [main] INFO  o.s.b.web.servlet.RegistrationBean - Filter characterEncodingFilter was not registered (possibly already registered?)
2019-04-08 20:55:16.811 logback [main] INFO  c.a.d.s.b.a.DruidDataSourceAutoConfigure - Init DruidDataSource
2019-04-08 20:55:17.727 logback [main] INFO  c.alibaba.druid.pool.DruidDataSource - {dataSource-1} inited
2019-04-08 20:55:18.649 logback [main] INFO  o.s.s.c.ThreadPoolTaskExecutor - Initializing ExecutorService 'applicationTaskExecutor'
2019-04-08 20:55:19.022 logback [main] INFO  o.a.coyote.http11.Http11NioProtocol - Starting ProtocolHandler ["http-nio-8080"]
2019-04-08 20:55:19.047 logback [main] INFO  o.s.b.w.e.tomcat.TomcatWebServer - Tomcat started on port(s): 8080 (http) with context path ''
2019-04-08 20:55:19.049 logback [main] INFO  c.z.s.SmartbackgroundApplication - Started SmartbackgroundApplication in 9.933 seconds (JVM running for 30.374)
2019-04-08 22:56:52.166 logback [http-nio-8080-exec-1] INFO  o.a.c.c.C.[Tomcat].[localhost].[/] - Initializing Spring DispatcherServlet 'dispatcherServlet'
2019-04-08 22:56:52.166 logback [http-nio-8080-exec-1] INFO  o.s.web.servlet.DispatcherServlet - Initializing Servlet 'dispatcherServlet'
2019-04-08 22:56:52.199 logback [http-nio-8080-exec-1] INFO  o.s.web.servlet.DispatcherServlet - Completed initialization in 33 ms
2019-04-08 22:56:52.694 logback [http-nio-8080-exec-1] INFO  c.z.s.controller.LoginController - 收到第1次登录请求   18829071821登录成功 status:1
2019-04-08 22:57:40.225 logback [http-nio-8080-exec-2] INFO  c.z.s.controller.LoginController - 收到第2次登录请求   13542533427登录成功 status:0
2019-04-08 23:01:33.947 logback [http-nio-8080-exec-2] INFO  c.z.s.controller.LoginController - 收到第3次登录请求   13542533427登录成功 status:0
2019-04-08 23:03:26.306 logback [http-nio-8080-exec-10] INFO  c.z.s.controller.LoginController - 收到第4次登录请求   13542533427登录成功 status:0
2019-04-08 23:06:43.853 logback [http-nio-8080-exec-3] INFO  c.z.s.s.s.ScheduleServiceImpl - 没有时间冲突、正在插入schedule
2019-04-08 23:11:56.903 logback [http-nio-8080-exec-6] INFO  c.z.s.controller.LoginController - 收到第5次登录请求   13542533427登录成功 status:0
2019-04-08 23:18:13.892 logback [http-nio-8080-exec-5] INFO  c.z.s.controller.LoginController - 收到第6次登录请求   13542533427登录成功 status:0
2019-04-08 23:21:08.298 logback [http-nio-8080-exec-2] INFO  c.z.s.controller.LoginController - 收到第7次登录请求   13542533427登录成功 status:0
2019-04-08 23:23:33.503 logback [http-nio-8080-exec-10] INFO  c.z.s.controller.LoginController - 收到第8次登录请求   13542533427登录成功 status:0
