2019-04-01 17:15:20.180 logback [main] INFO  c.z.s.SmartbackgroundApplication - Starting SmartbackgroundApplication on zuoweixingdeMacBook-Pro.local with PID 21040 (/Users/zuoweixing/graduation/smartbackground/target/classes started by zuoweixing in /Users/zuoweixing/graduation/smartbackground)
2019-04-01 17:15:20.182 logback [main] INFO  c.z.s.SmartbackgroundApplication - The following profiles are active: dev
2019-04-01 17:15:21.694 logback [main] INFO  o.s.b.w.e.tomcat.TomcatWebServer - Tomcat initialized with port(s): 8080 (http)
2019-04-01 17:15:21.717 logback [main] INFO  o.a.coyote.http11.Http11NioProtocol - Initializing ProtocolHandler ["http-nio-8080"]
2019-04-01 17:15:21.725 logback [main] INFO  o.a.catalina.core.StandardService - Starting service [Tomcat]
2019-04-01 17:15:21.725 logback [main] INFO  o.a.catalina.core.StandardEngine - Starting Servlet engine: [Apache Tomcat/9.0.14]
2019-04-01 17:15:21.731 logback [main] INFO  o.a.c.core.AprLifecycleListener - The APR based Apache Tomcat Native library which allows optimal performance in production environments was not found on the java.library.path: [/Users/zuoweixing/Library/Java/Extensions:/Library/Java/Extensions:/Network/Library/Java/Extensions:/System/Library/Java/Extensions:/usr/lib/java:.]
2019-04-01 17:15:21.849 logback [main] INFO  o.a.c.c.C.[Tomcat].[localhost].[/] - Initializing Spring embedded WebApplicationContext
2019-04-01 17:15:21.850 logback [main] INFO  o.s.web.context.ContextLoader - Root WebApplicationContext: initialization completed in 1614 ms
2019-04-01 17:15:21.896 logback [main] INFO  o.s.b.web.servlet.RegistrationBean - Filter characterEncodingFilter was not registered (possibly already registered?)
2019-04-01 17:15:21.976 logback [main] INFO  c.a.d.s.b.a.DruidDataSourceAutoConfigure - Init DruidDataSource
2019-04-01 17:15:22.640 logback [main] INFO  c.alibaba.druid.pool.DruidDataSource - {dataSource-1} inited
2019-04-01 17:15:23.265 logback [main] INFO  o.s.s.c.ThreadPoolTaskExecutor - Initializing ExecutorService 'applicationTaskExecutor'
2019-04-01 17:15:23.557 logback [main] INFO  o.a.coyote.http11.Http11NioProtocol - Starting ProtocolHandler ["http-nio-8080"]
2019-04-01 17:15:23.590 logback [main] INFO  o.s.b.w.e.tomcat.TomcatWebServer - Tomcat started on port(s): 8080 (http) with context path ''
2019-04-01 17:15:23.593 logback [main] INFO  c.z.s.SmartbackgroundApplication - Started SmartbackgroundApplication in 24.076 seconds (JVM running for 29.797)
2019-04-01 17:15:40.658 logback [http-nio-8080-exec-1] INFO  o.a.c.c.C.[Tomcat].[localhost].[/] - Initializing Spring DispatcherServlet 'dispatcherServlet'
2019-04-01 17:15:40.659 logback [http-nio-8080-exec-1] INFO  o.s.web.servlet.DispatcherServlet - Initializing Servlet 'dispatcherServlet'
2019-04-01 17:15:40.671 logback [http-nio-8080-exec-1] INFO  o.s.web.servlet.DispatcherServlet - Completed initialization in 12 ms
2019-04-01 17:15:40.700 logback [http-nio-8080-exec-1] INFO  c.z.s.controller.TestController - 日志输出 info
2019-04-01 17:15:40.700 logback [http-nio-8080-exec-1] WARN  c.z.s.controller.TestController - 日志输出 warn
2019-04-01 17:15:40.700 logback [http-nio-8080-exec-1] ERROR c.z.s.controller.TestController - 日志输出 error
2019-04-01 17:32:31.204 logback [Thread-3] INFO  o.s.s.c.ThreadPoolTaskExecutor - Shutting down ExecutorService 'applicationTaskExecutor'
2019-04-01 17:32:31.224 logback [Thread-3] INFO  c.alibaba.druid.pool.DruidDataSource - {dataSource-1} closed
