2019-04-06 12:16:55.751 logback [main] INFO  c.z.s.SmartbackgroundApplication - Starting SmartbackgroundApplication on DESKTOP-PGD1S01 with PID 390412 (E:\ForGraduate\smartbackground\target\classes started by SHEEO in E:\ForGraduate\smartbackground)
2019-04-06 12:16:55.755 logback [main] INFO  c.z.s.SmartbackgroundApplication - No active profile set, falling back to default profiles: default
2019-04-06 12:16:58.947 logback [main] INFO  o.s.b.w.e.tomcat.TomcatWebServer - Tomcat initialized with port(s): 8080 (http)
2019-04-06 12:16:58.968 logback [main] INFO  o.a.coyote.http11.Http11NioProtocol - Initializing ProtocolHandler ["http-nio-8080"]
2019-04-06 12:16:58.982 logback [main] INFO  o.a.catalina.core.StandardService - Starting service [Tomcat]
2019-04-06 12:16:58.983 logback [main] INFO  o.a.catalina.core.StandardEngine - Starting Servlet engine: [Apache Tomcat/9.0.14]
2019-04-06 12:16:58.993 logback [main] INFO  o.a.c.core.AprLifecycleListener - The APR based Apache Tomcat Native library which allows optimal performance in production environments was not found on the java.library.path: [E:\java\jdk1.8.0_131\bin;C:\WINDOWS\Sun\Java\bin;C:\WINDOWS\system32;C:\WINDOWS;D:\install\product\11.1.0\db_1\bin;C:\ProgramData\Oracle\Java\javapath;C:\WINDOWS\system32;C:\WINDOWS;C:\WINDOWS\System32\Wbem;C:\WINDOWS\System32\WindowsPowerShell\v1.0\;E:\java\jdk1.8.0_131\bin;E:\java\jdk1.8.0_131\bin;E:\java\jdk1.8.0_131\jre\bin;E:\Android\sdk2\platform-tools;D:\mysql-5.7.19-winx64\bin;C:\MinGW\bin;C:\Program Files\MySQL\MySQL Utilities 1.6\;D:\apache-maven-3.5.2-bin\apache-maven-3.5.2\bin;D:\install\bin;D:\go\bin;D:\安装\Git\bin;C:\Users\SHEEO\AppData\Local\Programs\Python\Python36-32\Scripts\;C:\Users\SHEEO\AppData\Local\Programs\Python\Python36-32\;C:\Users\SHEEO\AppData\Local\Microsoft\WindowsApps;E:\Android\sdk2\platform-tools;D:\Tomcat\Tomcat9.0\bin;C:\MinGW\bin;E:\Go_WorkSpace\bin;D:\go\bin;D:\安装\Git\bin;.]
2019-04-06 12:16:59.173 logback [main] INFO  o.a.c.c.C.[Tomcat].[localhost].[/] - Initializing Spring embedded WebApplicationContext
2019-04-06 12:16:59.174 logback [main] INFO  o.s.web.context.ContextLoader - Root WebApplicationContext: initialization completed in 3259 ms
2019-04-06 12:16:59.334 logback [main] INFO  o.s.b.web.servlet.RegistrationBean - Filter characterEncodingFilter was not registered (possibly already registered?)
2019-04-06 12:16:59.553 logback [main] INFO  c.a.d.s.b.a.DruidDataSourceAutoConfigure - Init DruidDataSource
2019-04-06 12:17:00.687 logback [main] INFO  c.alibaba.druid.pool.DruidDataSource - {dataSource-1} inited
2019-04-06 12:17:01.742 logback [main] INFO  o.s.s.c.ThreadPoolTaskExecutor - Initializing ExecutorService 'applicationTaskExecutor'
2019-04-06 12:17:02.283 logback [main] INFO  o.a.coyote.http11.Http11NioProtocol - Starting ProtocolHandler ["http-nio-8080"]
2019-04-06 12:17:02.319 logback [main] INFO  o.s.b.w.e.tomcat.TomcatWebServer - Tomcat started on port(s): 8080 (http) with context path ''
2019-04-06 12:17:02.324 logback [main] INFO  c.z.s.SmartbackgroundApplication - Started SmartbackgroundApplication in 8.021 seconds (JVM running for 9.562)
2019-04-06 12:17:22.674 logback [http-nio-8080-exec-10] INFO  o.a.c.c.C.[Tomcat].[localhost].[/] - Initializing Spring DispatcherServlet 'dispatcherServlet'
2019-04-06 12:17:22.674 logback [http-nio-8080-exec-10] INFO  o.s.web.servlet.DispatcherServlet - Initializing Servlet 'dispatcherServlet'
2019-04-06 12:17:22.684 logback [http-nio-8080-exec-10] INFO  o.s.web.servlet.DispatcherServlet - Completed initialization in 10 ms
2019-04-06 12:17:22.896 logback [http-nio-8080-exec-10] INFO  c.z.s.controller.LoginController - 收到第1次登录请求   18829071821登录成功 status:1
2019-04-06 16:30:37.774 logback [http-nio-8080-exec-1] INFO  c.z.s.controller.LoginController - 收到第2次登录请求   18829071821登录成功 status:1
2019-04-06 16:32:25.451 logback [http-nio-8080-exec-7] INFO  c.z.s.controller.LoginController - 收到第3次登录请求   18829071821登录成功 status:1
2019-04-06 16:33:30.436 logback [http-nio-8080-exec-4] INFO  c.z.s.controller.LoginController - 收到第4次登录请求   18829071821登录成功 status:1
2019-04-06 21:41:09.916 logback [main] INFO  c.z.s.SmartbackgroundApplication - Starting SmartbackgroundApplication on DESKTOP-PGD1S01 with PID 97968 (E:\ForGraduate\smartbackground\target\classes started by SHEEO in E:\ForGraduate\smartbackground)
2019-04-06 21:41:09.922 logback [main] INFO  c.z.s.SmartbackgroundApplication - No active profile set, falling back to default profiles: default
2019-04-06 21:41:14.497 logback [main] INFO  o.s.b.w.e.tomcat.TomcatWebServer - Tomcat initialized with port(s): 8080 (http)
2019-04-06 21:41:14.517 logback [main] INFO  o.a.coyote.http11.Http11NioProtocol - Initializing ProtocolHandler ["http-nio-8080"]
2019-04-06 21:41:14.529 logback [main] INFO  o.a.catalina.core.StandardService - Starting service [Tomcat]
2019-04-06 21:41:14.529 logback [main] INFO  o.a.catalina.core.StandardEngine - Starting Servlet engine: [Apache Tomcat/9.0.14]
2019-04-06 21:41:14.537 logback [main] INFO  o.a.c.core.AprLifecycleListener - The APR based Apache Tomcat Native library which allows optimal performance in production environments was not found on the java.library.path: [E:\java\jdk1.8.0_131\bin;C:\WINDOWS\Sun\Java\bin;C:\WINDOWS\system32;C:\WINDOWS;D:\install\product\11.1.0\db_1\bin;C:\ProgramData\Oracle\Java\javapath;C:\WINDOWS\system32;C:\WINDOWS;C:\WINDOWS\System32\Wbem;C:\WINDOWS\System32\WindowsPowerShell\v1.0\;E:\java\jdk1.8.0_131\bin;E:\java\jdk1.8.0_131\bin;E:\java\jdk1.8.0_131\jre\bin;E:\Android\sdk2\platform-tools;D:\mysql-5.7.19-winx64\bin;C:\MinGW\bin;C:\Program Files\MySQL\MySQL Utilities 1.6\;D:\apache-maven-3.5.2-bin\apache-maven-3.5.2\bin;D:\install\bin;D:\go\bin;D:\安装\Git\bin;C:\Users\SHEEO\AppData\Local\Programs\Python\Python36-32\Scripts\;C:\Users\SHEEO\AppData\Local\Programs\Python\Python36-32\;C:\Users\SHEEO\AppData\Local\Microsoft\WindowsApps;E:\Android\sdk2\platform-tools;D:\Tomcat\Tomcat9.0\bin;C:\MinGW\bin;E:\Go_WorkSpace\bin;D:\go\bin;D:\安装\Git\bin;.]
2019-04-06 21:41:14.767 logback [main] INFO  o.a.c.c.C.[Tomcat].[localhost].[/] - Initializing Spring embedded WebApplicationContext
2019-04-06 21:41:14.767 logback [main] INFO  o.s.web.context.ContextLoader - Root WebApplicationContext: initialization completed in 4709 ms
2019-04-06 21:41:14.849 logback [main] INFO  o.s.b.web.servlet.RegistrationBean - Filter characterEncodingFilter was not registered (possibly already registered?)
2019-04-06 21:41:14.917 logback [main] INFO  c.a.d.s.b.a.DruidDataSourceAutoConfigure - Init DruidDataSource
2019-04-06 21:41:15.489 logback [main] INFO  c.alibaba.druid.pool.DruidDataSource - {dataSource-1} inited
2019-04-06 21:41:16.699 logback [main] INFO  o.s.s.c.ThreadPoolTaskExecutor - Initializing ExecutorService 'applicationTaskExecutor'
2019-04-06 21:41:17.144 logback [main] INFO  o.a.coyote.http11.Http11NioProtocol - Starting ProtocolHandler ["http-nio-8080"]
2019-04-06 21:41:17.161 logback [main] ERROR o.apache.catalina.util.LifecycleBase - Failed to start component [Connector[HTTP/1.1-8080]]
org.apache.catalina.LifecycleException: Protocol handler start failed
	at org.apache.catalina.connector.Connector.startInternal(Connector.java:1004)
	at org.apache.catalina.util.LifecycleBase.start(LifecycleBase.java:183)
	at org.apache.catalina.core.StandardService.addConnector(StandardService.java:226)
	at org.springframework.boot.web.embedded.tomcat.TomcatWebServer.addPreviouslyRemovedConnectors(TomcatWebServer.java:259)
	at org.springframework.boot.web.embedded.tomcat.TomcatWebServer.start(TomcatWebServer.java:197)
	at org.springframework.boot.web.servlet.context.ServletWebServerApplicationContext.startWebServer(ServletWebServerApplicationContext.java:311)
	at org.springframework.boot.web.servlet.context.ServletWebServerApplicationContext.finishRefresh(ServletWebServerApplicationContext.java:164)
	at org.springframework.context.support.AbstractApplicationContext.refresh(AbstractApplicationContext.java:549)
	at org.springframework.boot.web.servlet.context.ServletWebServerApplicationContext.refresh(ServletWebServerApplicationContext.java:142)
	at org.springframework.boot.SpringApplication.refresh(SpringApplication.java:775)
	at org.springframework.boot.SpringApplication.refreshContext(SpringApplication.java:397)
	at org.springframework.boot.SpringApplication.run(SpringApplication.java:316)
	at org.springframework.boot.SpringApplication.run(SpringApplication.java:1260)
	at org.springframework.boot.SpringApplication.run(SpringApplication.java:1248)
	at com.zuo.smartbackground.SmartbackgroundApplication.main(SmartbackgroundApplication.java:15)
Caused by: java.net.BindException: Address already in use: bind
	at sun.nio.ch.Net.bind0(Native Method)
	at sun.nio.ch.Net.bind(Net.java:433)
	at sun.nio.ch.Net.bind(Net.java:425)
	at sun.nio.ch.ServerSocketChannelImpl.bind(ServerSocketChannelImpl.java:223)
	at sun.nio.ch.ServerSocketAdaptor.bind(ServerSocketAdaptor.java:74)
	at org.apache.tomcat.util.net.NioEndpoint.initServerSocket(NioEndpoint.java:236)
	at org.apache.tomcat.util.net.NioEndpoint.bind(NioEndpoint.java:210)
	at org.apache.tomcat.util.net.AbstractEndpoint.bindWithCleanup(AbstractEndpoint.java:1085)
	at org.apache.tomcat.util.net.AbstractEndpoint.start(AbstractEndpoint.java:1171)
	at org.apache.coyote.AbstractProtocol.start(AbstractProtocol.java:568)
	at org.apache.catalina.connector.Connector.startInternal(Connector.java:1001)
	... 14 common frames omitted
2019-04-06 21:41:17.169 logback [main] INFO  o.a.coyote.http11.Http11NioProtocol - Pausing ProtocolHandler ["http-nio-8080"]
2019-04-06 21:41:17.169 logback [main] INFO  o.a.catalina.core.StandardService - Stopping service [Tomcat]
2019-04-06 21:41:17.178 logback [main] INFO  o.apache.catalina.util.LifecycleBase - The stop() method was called on component [StandardServer[-1]] after stop() had already been called. The second call will be ignored.
2019-04-06 21:41:17.179 logback [main] INFO  o.a.coyote.http11.Http11NioProtocol - Stopping ProtocolHandler ["http-nio-8080"]
2019-04-06 21:41:17.179 logback [main] INFO  o.a.coyote.http11.Http11NioProtocol - Destroying ProtocolHandler ["http-nio-8080"]
2019-04-06 21:41:17.183 logback [main] INFO  o.s.b.a.l.ConditionEvaluationReportLoggingListener - 

Error starting ApplicationContext. To display the conditions report re-run your application with 'debug' enabled.
2019-04-06 21:41:17.188 logback [main] ERROR o.s.b.d.LoggingFailureAnalysisReporter - 

***************************
APPLICATION FAILED TO START
***************************

Description:

The Tomcat connector configured to listen on port 8080 failed to start. The port may already be in use or the connector may be misconfigured.

Action:

Verify the connector's configuration, identify and stop any process that's listening on port 8080, or configure this application to listen on another port.

2019-04-06 21:41:17.192 logback [main] INFO  o.s.s.c.ThreadPoolTaskExecutor - Shutting down ExecutorService 'applicationTaskExecutor'
2019-04-06 21:41:17.196 logback [main] INFO  c.alibaba.druid.pool.DruidDataSource - {dataSource-1} closed
2019-04-06 21:42:45.767 logback [main] INFO  c.z.s.SmartbackgroundApplication - Starting SmartbackgroundApplication on DESKTOP-PGD1S01 with PID 103032 (E:\ForGraduate\smartbackground\target\classes started by SHEEO in E:\ForGraduate\smartbackground)
2019-04-06 21:42:45.771 logback [main] INFO  c.z.s.SmartbackgroundApplication - No active profile set, falling back to default profiles: default
2019-04-06 21:42:47.434 logback [main] INFO  o.s.b.w.e.tomcat.TomcatWebServer - Tomcat initialized with port(s): 8080 (http)
2019-04-06 21:42:47.448 logback [main] INFO  o.a.coyote.http11.Http11NioProtocol - Initializing ProtocolHandler ["http-nio-8080"]
2019-04-06 21:42:47.456 logback [main] INFO  o.a.catalina.core.StandardService - Starting service [Tomcat]
2019-04-06 21:42:47.457 logback [main] INFO  o.a.catalina.core.StandardEngine - Starting Servlet engine: [Apache Tomcat/9.0.14]
2019-04-06 21:42:47.463 logback [main] INFO  o.a.c.core.AprLifecycleListener - The APR based Apache Tomcat Native library which allows optimal performance in production environments was not found on the java.library.path: [E:\java\jdk1.8.0_131\bin;C:\WINDOWS\Sun\Java\bin;C:\WINDOWS\system32;C:\WINDOWS;D:\install\product\11.1.0\db_1\bin;C:\ProgramData\Oracle\Java\javapath;C:\WINDOWS\system32;C:\WINDOWS;C:\WINDOWS\System32\Wbem;C:\WINDOWS\System32\WindowsPowerShell\v1.0\;E:\java\jdk1.8.0_131\bin;E:\java\jdk1.8.0_131\bin;E:\java\jdk1.8.0_131\jre\bin;E:\Android\sdk2\platform-tools;D:\mysql-5.7.19-winx64\bin;C:\MinGW\bin;C:\Program Files\MySQL\MySQL Utilities 1.6\;D:\apache-maven-3.5.2-bin\apache-maven-3.5.2\bin;D:\install\bin;D:\go\bin;D:\安装\Git\bin;C:\Users\SHEEO\AppData\Local\Programs\Python\Python36-32\Scripts\;C:\Users\SHEEO\AppData\Local\Programs\Python\Python36-32\;C:\Users\SHEEO\AppData\Local\Microsoft\WindowsApps;E:\Android\sdk2\platform-tools;D:\Tomcat\Tomcat9.0\bin;C:\MinGW\bin;E:\Go_WorkSpace\bin;D:\go\bin;D:\安装\Git\bin;.]
2019-04-06 21:42:47.553 logback [main] INFO  o.a.c.c.C.[Tomcat].[localhost].[/] - Initializing Spring embedded WebApplicationContext
2019-04-06 21:42:47.554 logback [main] INFO  o.s.web.context.ContextLoader - Root WebApplicationContext: initialization completed in 1623 ms
2019-04-06 21:42:47.595 logback [main] INFO  o.s.b.web.servlet.RegistrationBean - Filter characterEncodingFilter was not registered (possibly already registered?)
2019-04-06 21:42:47.677 logback [main] INFO  c.a.d.s.b.a.DruidDataSourceAutoConfigure - Init DruidDataSource
2019-04-06 21:42:48.095 logback [main] INFO  c.alibaba.druid.pool.DruidDataSource - {dataSource-1} inited
2019-04-06 21:42:48.589 logback [main] INFO  o.s.s.c.ThreadPoolTaskExecutor - Initializing ExecutorService 'applicationTaskExecutor'
2019-04-06 21:42:48.874 logback [main] INFO  o.a.coyote.http11.Http11NioProtocol - Starting ProtocolHandler ["http-nio-8080"]
2019-04-06 21:42:48.897 logback [main] INFO  o.s.b.w.e.tomcat.TomcatWebServer - Tomcat started on port(s): 8080 (http) with context path ''
2019-04-06 21:42:48.901 logback [main] INFO  c.z.s.SmartbackgroundApplication - Started SmartbackgroundApplication in 3.958 seconds (JVM running for 4.848)
2019-04-06 21:42:55.154 logback [http-nio-8080-exec-1] INFO  o.a.c.c.C.[Tomcat].[localhost].[/] - Initializing Spring DispatcherServlet 'dispatcherServlet'
2019-04-06 21:42:55.154 logback [http-nio-8080-exec-1] INFO  o.s.web.servlet.DispatcherServlet - Initializing Servlet 'dispatcherServlet'
2019-04-06 21:42:55.165 logback [http-nio-8080-exec-1] INFO  o.s.web.servlet.DispatcherServlet - Completed initialization in 11 ms
2019-04-06 21:42:55.343 logback [http-nio-8080-exec-1] INFO  c.z.s.controller.LoginController - 收到第1次登录请求   18829071821登录成功 status:1
2019-04-06 21:45:27.076 logback [http-nio-8080-exec-5] INFO  c.z.s.controller.LoginController - 收到第2次登录请求   18829071821登录成功 status:1
2019-04-06 21:48:28.016 logback [http-nio-8080-exec-9] INFO  c.z.s.controller.LoginController - 收到第3次登录请求   18829071821登录成功 status:1
2019-04-06 21:53:28.900 logback [http-nio-8080-exec-8] INFO  c.z.s.controller.LoginController - 收到第4次登录请求   18829071821登录成功 status:1
2019-04-06 22:14:04.434 logback [http-nio-8080-exec-3] INFO  c.z.s.controller.LoginController - 收到第5次登录请求   18829071821登录成功 status:1
2019-04-06 22:39:46.016 logback [http-nio-8080-exec-4] INFO  c.z.s.controller.LoginController - 收到第6次登录请求   13542533427登录成功 status:0
2019-04-06 22:40:54.814 logback [http-nio-8080-exec-4] INFO  c.z.s.s.s.ScheduleServiceImpl - 没有时间冲突、正在插入schedule
2019-04-06 22:45:38.750 logback [http-nio-8080-exec-5] INFO  c.z.s.controller.LoginController - 收到第7次登录请求   17868814537登录成功 status:2
2019-04-06 22:52:35.811 logback [http-nio-8080-exec-7] INFO  c.z.s.controller.LoginController - 收到第8次登录请求   18829071821登录成功 status:1
2019-04-06 23:06:30.093 logback [http-nio-8080-exec-1] INFO  c.z.s.controller.LoginController - 收到第9次登录请求   18829071821登录成功 status:1
2019-04-06 23:09:46.830 logback [main] INFO  c.z.s.SmartbackgroundApplication - Starting SmartbackgroundApplication on DESKTOP-PGD1S01 with PID 124412 (E:\ForGraduate\smartbackground\target\classes started by SHEEO in E:\ForGraduate\smartbackground)
2019-04-06 23:09:46.834 logback [main] INFO  c.z.s.SmartbackgroundApplication - No active profile set, falling back to default profiles: default
2019-04-06 23:09:48.349 logback [main] INFO  o.s.b.w.e.tomcat.TomcatWebServer - Tomcat initialized with port(s): 8080 (http)
2019-04-06 23:09:48.363 logback [main] INFO  o.a.coyote.http11.Http11NioProtocol - Initializing ProtocolHandler ["http-nio-8080"]
2019-04-06 23:09:48.372 logback [main] INFO  o.a.catalina.core.StandardService - Starting service [Tomcat]
2019-04-06 23:09:48.372 logback [main] INFO  o.a.catalina.core.StandardEngine - Starting Servlet engine: [Apache Tomcat/9.0.14]
2019-04-06 23:09:48.379 logback [main] INFO  o.a.c.core.AprLifecycleListener - The APR based Apache Tomcat Native library which allows optimal performance in production environments was not found on the java.library.path: [E:\java\jdk1.8.0_131\bin;C:\WINDOWS\Sun\Java\bin;C:\WINDOWS\system32;C:\WINDOWS;D:\install\product\11.1.0\db_1\bin;C:\ProgramData\Oracle\Java\javapath;C:\WINDOWS\system32;C:\WINDOWS;C:\WINDOWS\System32\Wbem;C:\WINDOWS\System32\WindowsPowerShell\v1.0\;E:\java\jdk1.8.0_131\bin;E:\java\jdk1.8.0_131\bin;E:\java\jdk1.8.0_131\jre\bin;E:\Android\sdk2\platform-tools;D:\mysql-5.7.19-winx64\bin;C:\MinGW\bin;C:\Program Files\MySQL\MySQL Utilities 1.6\;D:\apache-maven-3.5.2-bin\apache-maven-3.5.2\bin;D:\install\bin;D:\go\bin;D:\安装\Git\bin;C:\Users\SHEEO\AppData\Local\Programs\Python\Python36-32\Scripts\;C:\Users\SHEEO\AppData\Local\Programs\Python\Python36-32\;C:\Users\SHEEO\AppData\Local\Microsoft\WindowsApps;E:\Android\sdk2\platform-tools;D:\Tomcat\Tomcat9.0\bin;C:\MinGW\bin;E:\Go_WorkSpace\bin;D:\go\bin;D:\安装\Git\bin;.]
2019-04-06 23:09:48.470 logback [main] INFO  o.a.c.c.C.[Tomcat].[localhost].[/] - Initializing Spring embedded WebApplicationContext
2019-04-06 23:09:48.470 logback [main] INFO  o.s.web.context.ContextLoader - Root WebApplicationContext: initialization completed in 1577 ms
2019-04-06 23:09:48.512 logback [main] INFO  o.s.b.web.servlet.RegistrationBean - Filter characterEncodingFilter was not registered (possibly already registered?)
2019-04-06 23:09:48.570 logback [main] INFO  c.a.d.s.b.a.DruidDataSourceAutoConfigure - Init DruidDataSource
2019-04-06 23:09:48.977 logback [main] INFO  c.alibaba.druid.pool.DruidDataSource - {dataSource-1} inited
2019-04-06 23:09:49.449 logback [main] INFO  o.s.s.c.ThreadPoolTaskExecutor - Initializing ExecutorService 'applicationTaskExecutor'
2019-04-06 23:09:49.719 logback [main] INFO  o.a.coyote.http11.Http11NioProtocol - Starting ProtocolHandler ["http-nio-8080"]
2019-04-06 23:09:49.740 logback [main] INFO  o.s.b.w.e.tomcat.TomcatWebServer - Tomcat started on port(s): 8080 (http) with context path ''
2019-04-06 23:09:49.743 logback [main] INFO  c.z.s.SmartbackgroundApplication - Started SmartbackgroundApplication in 3.764 seconds (JVM running for 4.632)
2019-04-06 23:10:02.369 logback [http-nio-8080-exec-1] INFO  o.a.c.c.C.[Tomcat].[localhost].[/] - Initializing Spring DispatcherServlet 'dispatcherServlet'
2019-04-06 23:10:02.369 logback [http-nio-8080-exec-1] INFO  o.s.web.servlet.DispatcherServlet - Initializing Servlet 'dispatcherServlet'
2019-04-06 23:10:02.378 logback [http-nio-8080-exec-1] INFO  o.s.web.servlet.DispatcherServlet - Completed initialization in 9 ms
2019-04-06 23:17:37.569 logback [http-nio-8080-exec-3] INFO  c.z.s.controller.LoginController - 收到第1次登录请求   13542533427登录成功 status:0
2019-04-06 23:17:51.785 logback [http-nio-8080-exec-1] INFO  c.z.s.s.s.ScheduleServiceImpl - 没有时间冲突、正在插入schedule
2019-04-06 23:17:51.806 logback [http-nio-8080-exec-1] INFO  c.z.s.s.s.ScheduleServiceImpl - 有时间冲突
2019-04-06 23:18:28.873 logback [http-nio-8080-exec-9] INFO  c.z.s.controller.LoginController - 收到第2次登录请求   18829071821登录成功 status:1
2019-04-06 23:23:10.348 logback [http-nio-8080-exec-5] INFO  c.z.s.controller.LoginController - 收到第3次登录请求   13542533427登录成功 status:0
2019-04-06 23:23:25.190 logback [http-nio-8080-exec-8] INFO  c.z.s.s.s.ScheduleServiceImpl - 没有时间冲突、正在插入schedule
2019-04-06 23:23:46.156 logback [http-nio-8080-exec-2] INFO  c.z.s.controller.LoginController - 收到第4次登录请求   18829071821登录成功 status:1
2019-04-06 23:24:04.290 logback [http-nio-8080-exec-3] WARN  c.z.s.s.serviceImpl.BookServiceImpl - 更新schedule的挂号数失败
2019-04-06 23:27:02.797 logback [http-nio-8080-exec-7] INFO  c.z.s.controller.LoginController - 收到第5次登录请求   18829071821登录成功 status:1
2019-04-06 23:27:53.991 logback [http-nio-8080-exec-6] INFO  c.z.s.controller.LoginController - 收到6次登录请求，但是失败
2019-04-06 23:28:01.961 logback [http-nio-8080-exec-1] INFO  c.z.s.controller.LoginController - 收到第7次登录请求   17868814537登录成功 status:2
