2019-04-10 21:11:11.356 logback [main] INFO  c.z.s.SmartbackgroundApplication - Starting SmartbackgroundApplication on DESKTOP-PGD1S01 with PID 42724 (E:\ForGraduate\smartbackground\target\classes started by SHEEO in E:\ForGraduate\smartbackground)
2019-04-10 21:11:11.361 logback [main] INFO  c.z.s.SmartbackgroundApplication - No active profile set, falling back to default profiles: default
2019-04-10 21:11:14.779 logback [main] INFO  o.s.b.w.e.tomcat.TomcatWebServer - Tomcat initialized with port(s): 8080 (http)
2019-04-10 21:11:14.795 logback [main] INFO  o.a.coyote.http11.Http11NioProtocol - Initializing ProtocolHandler ["http-nio-8080"]
2019-04-10 21:11:14.805 logback [main] INFO  o.a.catalina.core.StandardService - Starting service [Tomcat]
2019-04-10 21:11:14.806 logback [main] INFO  o.a.catalina.core.StandardEngine - Starting Servlet engine: [Apache Tomcat/9.0.14]
2019-04-10 21:11:14.813 logback [main] INFO  o.a.c.core.AprLifecycleListener - The APR based Apache Tomcat Native library which allows optimal performance in production environments was not found on the java.library.path: [E:\java\jdk1.8.0_131\bin;C:\WINDOWS\Sun\Java\bin;C:\WINDOWS\system32;C:\WINDOWS;D:\install\product\11.1.0\db_1\bin;C:\ProgramData\Oracle\Java\javapath;C:\WINDOWS\system32;C:\WINDOWS;C:\WINDOWS\System32\Wbem;C:\WINDOWS\System32\WindowsPowerShell\v1.0\;E:\java\jdk1.8.0_131\bin;E:\java\jdk1.8.0_131\bin;E:\java\jdk1.8.0_131\jre\bin;E:\Android\sdk2\platform-tools;D:\mysql-5.7.19-winx64\bin;C:\MinGW\bin;C:\Program Files\MySQL\MySQL Utilities 1.6\;D:\apache-maven-3.5.2-bin\apache-maven-3.5.2\bin;D:\install\bin;D:\go\bin;D:\安装\Git\bin;C:\Users\SHEEO\AppData\Local\Programs\Python\Python36-32\Scripts\;C:\Users\SHEEO\AppData\Local\Programs\Python\Python36-32\;C:\Users\SHEEO\AppData\Local\Microsoft\WindowsApps;E:\Android\sdk2\platform-tools;D:\Tomcat\Tomcat9.0\bin;C:\MinGW\bin;E:\Go_WorkSpace\bin;D:\go\bin;D:\安装\Git\bin;C:\Users\SHEEO\AppData\Local\BypassRuntm;.]
2019-04-10 21:11:16.485 logback [main] INFO  o.a.c.c.C.[Tomcat].[localhost].[/] - Initializing Spring embedded WebApplicationContext
2019-04-10 21:11:16.485 logback [main] INFO  o.s.web.context.ContextLoader - Root WebApplicationContext: initialization completed in 5019 ms
2019-04-10 21:11:16.522 logback [main] INFO  o.s.b.web.servlet.RegistrationBean - Filter characterEncodingFilter was not registered (possibly already registered?)
2019-04-10 21:11:16.580 logback [main] INFO  c.a.d.s.b.a.DruidDataSourceAutoConfigure - Init DruidDataSource
2019-04-10 21:11:17.491 logback [main] INFO  c.alibaba.druid.pool.DruidDataSource - {dataSource-1} inited
2019-04-10 21:11:18.215 logback [main] INFO  o.s.s.c.ThreadPoolTaskExecutor - Initializing ExecutorService 'applicationTaskExecutor'
2019-04-10 21:11:18.488 logback [main] INFO  o.a.coyote.http11.Http11NioProtocol - Starting ProtocolHandler ["http-nio-8080"]
2019-04-10 21:11:18.512 logback [main] INFO  o.s.b.w.e.tomcat.TomcatWebServer - Tomcat started on port(s): 8080 (http) with context path ''
2019-04-10 21:11:18.515 logback [main] INFO  c.z.s.SmartbackgroundApplication - Started SmartbackgroundApplication in 8.464 seconds (JVM running for 26.157)
2019-04-10 21:12:04.143 logback [http-nio-8080-exec-3] INFO  o.a.c.c.C.[Tomcat].[localhost].[/] - Initializing Spring DispatcherServlet 'dispatcherServlet'
2019-04-10 21:12:04.143 logback [http-nio-8080-exec-3] INFO  o.s.web.servlet.DispatcherServlet - Initializing Servlet 'dispatcherServlet'
2019-04-10 21:12:04.155 logback [http-nio-8080-exec-3] INFO  o.s.web.servlet.DispatcherServlet - Completed initialization in 12 ms
2019-04-10 21:12:04.540 logback [http-nio-8080-exec-3] INFO  c.z.s.controller.LoginController - 收到第1次登录请求   17868814537登录成功 status:2
2019-04-10 22:08:13.972 logback [http-nio-8080-exec-7] INFO  c.z.s.controller.LoginController - 收到第2次登录请求   17868814537登录成功 status:2
2019-04-10 23:00:31.697 logback [http-nio-8080-exec-2] INFO  c.z.s.controller.LoginController - 收到第3次登录请求   17868814537登录成功 status:2
2019-04-10 23:08:34.976 logback [http-nio-8080-exec-7] INFO  c.z.s.controller.LoginController - 收到第4次登录请求   17868814537登录成功 status:2
2019-04-10 23:18:31.566 logback [http-nio-8080-exec-2] INFO  c.z.s.controller.LoginController - 收到第5次登录请求   17868814537登录成功 status:2
2019-04-10 23:19:09.989 logback [http-nio-8080-exec-7] INFO  c.z.s.controller.LoginController - 收到第6次登录请求   17868814537登录成功 status:2
